[2026-03-14 13:48:27] info: GET /api/subjects/
[2026-03-14 13:48:27] info: GET /api/subjects/
[2026-03-14 13:48:58] info: GET /api/subjects/
[2026-03-14 13:48:58] info: POST /api/subjects/
[2026-03-14 13:48:58] info: GET /api/subjects/
[2026-03-14 13:49:38] info: GET /api/classes/
[2026-03-14 13:49:38] info: GET /api/subjects/
[2026-03-14 13:49:38] info: GET /api/classes/
[2026-03-14 13:49:38] info: GET /api/subjects/
[2026-03-14 13:49:51] info: GET /api/classes/
[2026-03-14 13:49:51] info: GET /api/subjects/
[2026-03-14 13:49:51] info: GET /api/classes/
[2026-03-14 13:49:51] info: GET /api/subjects/
[2026-03-14 13:50:52] info: GET /api/subjects/
[2026-03-14 13:58:53] info: POST /api/subjects/
[2026-03-14 14:13:01] info: POST /api/subjects/
[2026-03-14 14:13:13] info: GET /api/subjects
[2026-03-14 14:15:24] info: GET /api/subjects
[2026-03-14 14:15:41] info: GET /api/subjects
[2026-03-14 14:16:08] info: GET /api/classes/
[2026-03-14 14:16:08] info: GET /api/subjects/
[2026-03-14 14:16:08] info: GET /api/subjects/
[2026-03-14 14:16:08] info: GET /api/classes/
[2026-03-14 14:16:23] info: GET /api/subjects/
[2026-03-14 14:16:23] info: GET /api/subjects/
[2026-03-14 14:26:35] info: POST /api/subjects/
[2026-03-14 14:26:35] info: GET /api/subjects/
[2026-03-14 14:27:04] info: GET /api/classes/
[2026-03-14 14:27:04] info: GET /api/classes/
[2026-03-14 14:31:53] info: GET /api/classes/
[2026-03-14 14:31:53] info: GET /api/classes/
[2026-03-14 14:32:10] info: POST /api/classes/
[2026-03-14 14:32:10] info: GET /api/classes/
[2026-03-14 14:35:26] info: GET /api/classes/
[2026-03-14 14:35:26] info: POST /api/classes/
[2026-03-14 14:35:26] info: GET /api/classes/
[2026-03-14 14:35:39] info: GET /api/classes/
[2026-03-14 14:35:39] info: POST /api/classes/
[2026-03-14 14:35:39] info: GET /api/classes/
[2026-03-14 14:35:56] info: GET /api/classes/
[2026-03-14 14:35:56] info: POST /api/classes/
[2026-03-14 14:35:56] info: GET /api/classes/
[2026-03-14 14:36:13] info: GET /api/classes/
[2026-03-14 14:36:13] info: POST /api/classes/
[2026-03-14 14:36:14] info: GET /api/classes/
[2026-03-14 14:36:29] info: GET /api/classes/
[2026-03-14 14:36:29] info: POST /api/classes/
[2026-03-14 14:36:29] info: GET /api/classes/
[2026-03-14 14:37:40] info: GET /api/classes/
[2026-03-14 14:37:40] info: POST /api/classes/
[2026-03-14 14:37:40] info: GET /api/classes/
[2026-03-14 14:37:56] info: GET /api/classes/
[2026-03-14 14:37:56] info: POST /api/classes/
[2026-03-14 14:37:56] info: GET /api/classes/
[2026-03-14 14:38:13] info: GET /api/classes/
[2026-03-14 14:38:13] info: POST /api/classes/
[2026-03-14 14:38:13] info: GET /api/classes/
[2026-03-14 14:38:30] info: GET /api/classes/
[2026-03-14 14:38:30] info: POST /api/classes/
[2026-03-14 14:38:30] info: GET /api/classes/
[2026-03-14 14:38:50] info: GET /api/classes/
[2026-03-14 14:38:50] info: POST /api/classes/
[2026-03-14 14:38:50] info: GET /api/classes/
[2026-03-14 14:39:12] info: GET /api/classes/
[2026-03-14 14:39:12] info: POST /api/classes/
[2026-03-14 14:39:12] info: GET /api/classes/
[2026-03-14 14:39:44] info: GET /api/classes/
[2026-03-14 14:39:44] info: POST /api/classes/
[2026-03-14 14:39:44] info: GET /api/classes/
[2026-03-14 14:40:15] info: GET /api/classes/
[2026-03-14 14:40:15] info: POST /api/classes/
[2026-03-14 14:40:15] info: GET /api/classes/
[2026-03-14 14:40:21] info: GET /api/subjects/
[2026-03-14 14:40:21] info: GET /api/subjects/
[2026-03-14 14:40:47] info: GET /api/subjects/
[2026-03-14 14:40:47] info: POST /api/subjects/
[2026-03-14 14:40:47] info: GET /api/subjects/
[2026-03-14 14:41:17] info: GET /api/subjects/
[2026-03-14 14:41:17] info: POST /api/subjects/
[2026-03-14 14:41:17] info: GET /api/subjects/
[2026-03-14 14:41:32] info: GET /api/subjects/
[2026-03-14 14:41:32] info: POST /api/subjects/
[2026-03-14 14:41:32] info: GET /api/subjects/
[2026-03-14 14:44:03] info: GET /api/subjects/
[2026-03-14 14:44:03] info: POST /api/subjects/
[2026-03-14 14:44:03] info: GET /api/subjects/
[2026-03-14 14:44:25] info: GET /api/subjects/
[2026-03-14 14:44:25] info: POST /api/subjects/
[2026-03-14 14:44:25] info: GET /api/subjects/
[2026-03-14 14:44:51] info: GET /api/subjects/
[2026-03-14 14:44:51] info: POST /api/subjects/
[2026-03-14 14:44:51] info: GET /api/subjects/
[2026-03-14 14:44:56] info: GET /api/books/
[2026-03-14 14:45:02] info: GET /api/classes/
[2026-03-14 14:45:02] info: GET /api/subjects/
[2026-03-14 14:45:02] info: GET /api/subjects/
[2026-03-14 14:45:02] info: GET /api/classes/
[2026-03-14 14:45:16] info: GET /api/books/
[2026-03-14 14:45:40] info: GET /api/classes/
[2026-03-14 14:45:40] info: GET /api/classes/
[2026-03-14 14:46:15] info: GET /api/classes/
[2026-03-14 14:46:15] info: POST /api/classes/
[2026-03-14 14:46:15] info: GET /api/classes/
[2026-03-14 14:46:22] info: GET /api/classes/
[2026-03-14 14:46:22] info: GET /api/subjects/
[2026-03-14 14:46:22] info: GET /api/classes/
[2026-03-14 14:46:22] info: GET /api/subjects/
[2026-03-14 14:46:41] info: GET /api/books/
[2026-03-14 14:46:41] info: GET /api/books/
[2026-03-14 15:10:07] info: GET /api/classes/
[2026-03-14 15:10:07] info: GET /api/subjects/
[2026-03-14 15:10:07] info: GET /api/classes/
[2026-03-14 15:10:07] info: GET /api/subjects/
[2026-03-14 15:34:29] info: GET /api/classes/
[2026-03-14 15:34:29] info: GET /api/subjects/
[2026-03-14 15:34:29] info: GET /api/classes/
[2026-03-14 15:34:29] info: GET /api/subjects/
[2026-03-14 15:34:34] info: GET /api/classes/
[2026-03-14 15:34:34] info: GET /api/subjects/
[2026-03-14 15:34:34] info: GET /api/classes/
[2026-03-14 15:34:34] info: GET /api/subjects/
[2026-03-14 18:04:30] info: POST /api/auth/admin
[2026-03-15 12:03:37] info: GET /api/classes/
[2026-03-15 12:03:37] info: GET /api/subjects/
[2026-03-15 12:03:37] info: GET /api/classes/
[2026-03-15 12:03:37] info: GET /api/subjects/
[2026-03-15 12:16:36] info: GET /api/classes/
[2026-03-15 12:16:36] info: GET /api/subjects/
[2026-03-15 12:16:36] info: GET /api/subjects/
[2026-03-15 12:16:36] info: GET /api/classes/
[2026-03-15 12:25:17] info: GET /api/classes/
[2026-03-15 12:25:17] info: GET /api/subjects/
[2026-03-15 12:25:17] info: GET /api/subjects/
[2026-03-15 12:25:17] info: GET /api/classes/
[2026-03-15 12:35:36] info: GET /api/classes/
[2026-03-15 12:35:36] info: GET /api/subjects/
[2026-03-15 12:35:36] info: GET /api/subjects/
[2026-03-15 12:35:36] info: GET /api/classes/
[2026-03-15 12:39:40] info: GET /api/classes/
[2026-03-15 12:39:40] info: GET /api/subjects/
[2026-03-15 12:39:40] info: GET /api/classes/
[2026-03-15 12:39:40] info: GET /api/subjects/
[2026-03-15 12:47:21] info: GET /api/classes/
[2026-03-15 12:47:21] info: GET /api/subjects/
[2026-03-15 12:47:21] info: GET /api/classes/
[2026-03-15 12:47:21] info: GET /api/subjects/
[2026-03-15 12:51:40] info: GET /api/classes/
[2026-03-15 12:51:40] info: GET /api/subjects/
[2026-03-15 12:51:40] info: GET /api/classes/
[2026-03-15 12:51:40] info: GET /api/subjects/
[2026-03-15 12:52:52] info: GET /api/classes/
[2026-03-15 12:52:52] info: GET /api/subjects/
[2026-03-15 12:52:52] info: GET /api/classes/
[2026-03-15 12:52:52] info: GET /api/subjects/
[2026-03-15 17:15:06] info: GET /api/classes/
[2026-03-15 17:15:06] info: GET /api/subjects/
[2026-03-15 17:15:06] info: GET /api/classes/
[2026-03-15 17:15:06] info: GET /api/subjects/
[2026-03-15 17:18:54] info: POST /api/books
[2026-03-15 17:20:11] info: POST /api/books
[2026-03-15 17:20:15] info: GET /api/classes/
[2026-03-15 17:20:15] info: GET /api/subjects/
[2026-03-15 17:20:15] info: GET /api/classes/
[2026-03-15 17:20:15] info: GET /api/subjects/
[2026-03-15 17:21:10] info: GET /api/classes/
[2026-03-15 17:21:10] info: GET /api/subjects/
[2026-03-15 17:27:50] info: POST /api/books
[2026-03-15 17:49:14] info: GET /api/classes/
[2026-03-15 17:49:14] info: GET /api/subjects/
[2026-03-15 17:49:14] info: GET /api/classes/
[2026-03-15 17:49:14] info: GET /api/subjects/
[2026-03-15 17:50:08] info: POST /api/books
[2026-03-15 17:50:48] info: POST /api/books
[2026-03-15 18:02:25] info: POST /api/books
[2026-03-15 18:23:57] info: POST /api/books
[2026-03-15 20:44:34] info: GET /api/classes/
[2026-03-15 20:44:34] info: GET /api/subjects/
[2026-03-15 20:44:34] info: GET /api/classes/
[2026-03-15 20:44:34] info: GET /api/subjects/
[2026-03-16 07:21:06] info: GET /api/classes/
[2026-03-16 07:21:06] info: GET /api/subjects/
[2026-03-16 07:21:06] info: GET /api/classes/
[2026-03-16 07:21:06] info: GET /api/subjects/
[2026-03-16 07:22:07] info: POST /api/books
[2026-03-16 07:30:48] info: POST /api/books
[2026-03-16 07:33:28] info: POST /api/books
[2026-03-16 07:33:38] info: GET /api/books?page=1&limit=10&search=
[2026-03-16 07:33:38] info: GET /api/books?page=1&limit=10&search=
[2026-03-16 07:33:38] info: GET /uploads/1569735e01a49310afecdb1f61a20890
[2026-03-16 07:37:58] info: GET /api/books?page=1&limit=10&search=
[2026-03-16 07:37:58] info: GET /api/books?page=1&limit=10&search=
[2026-03-16 07:40:16] info: GET /api/books?page=1&limit=10&search=
[2026-03-16 07:40:16] info: GET /api/books?page=1&limit=10&search=
[2026-03-16 07:40:16] info: GET /bookstore//http://localhost:5000/uploads/1569735e01a49310afecdb1f61a20890
[2026-03-16 07:40:34] info: GET /api/books?page=1&limit=10&search=
[2026-03-16 07:40:34] info: GET /favicon.ico
[2026-03-16 07:41:38] info: GET /api/books?page=1&limit=10&search=
[2026-03-16 07:41:38] info: GET /api/books?page=1&limit=10&search=
[2026-03-16 07:44:27] info: GET /api/books?page=1&limit=10&search=
[2026-03-16 07:44:27] info: GET /api/books?page=1&limit=10&search=
[2026-03-16 08:23:45] info: GET /api/books?page=1&limit=10&search=
[2026-03-16 08:23:45] info: GET /api/books?page=1&limit=10&search=
[2026-03-16 08:24:23] info: GET /api/books?page=1&limit=10&search=
[2026-03-16 08:24:23] info: GET /api/books?page=1&limit=10&search=
[2026-03-16 08:24:47] info: GET /api/books?page=1&limit=10&search=
[2026-03-16 08:24:47] info: GET /api/books?page=1&limit=10&search=
[2026-03-16 08:24:47] info: GET /api/classes
[2026-03-16 08:24:47] info: GET /api/subjects
[2026-03-16 08:24:47] info: GET /api/classes
[2026-03-16 08:24:47] info: GET /api/subjects
[2026-03-16 08:25:13] info: GET /api/dashboard
[2026-03-16 08:25:13] info: GET /api/dashboard
[2026-03-16 08:25:24] info: GET /api/books?page=1&limit=10&search=
[2026-03-16 08:25:24] info: GET /api/books?page=1&limit=10&search=
[2026-03-16 08:26:55] info: GET /api/books?page=1&limit=10&search=
[2026-03-16 13:18:48] info: GET /api/books?page=1&limit=10&search=
[2026-03-16 13:18:48] info: GET /api/books?page=1&limit=10&search=
[2026-03-16 13:18:48] info: GET /uploads/1569735e01a49310afecdb1f61a20890
[2026-03-16 14:07:32] info: GET /api/books?page=1&limit=10&search=
[2026-03-16 14:07:32] info: GET /api/books?page=1&limit=10&search=
[2026-03-16 14:07:32] info: GET /uploads/1569735e01a49310afecdb1f61a20890
[2026-03-16 14:08:25] info: POST /api/users/login
[2026-03-16 14:08:33] info: POST /api/users/login
[2026-03-16 14:08:38] info: POST /api/users/login
[2026-03-16 14:08:40] info: GET /api/products
[2026-03-16 14:09:09] info: GET /api/users/users-lists
[2026-03-16 15:22:38] info: GET /api/books?page=1&limit=10&search=
[2026-03-16 15:22:38] info: GET /api/books?page=1&limit=10&search=
[2026-03-16 15:22:38] info: GET /uploads/1569735e01a49310afecdb1f61a20890
[2026-03-16 15:23:28] info: GET /uploads/1569735e01a49310afecdb1f61a20890
[2026-03-16 15:24:08] info: GET /uploads/1569735e01a49310afecdb1f61a20890
[2026-03-16 15:24:29] info: GET /uploads
[2026-03-16 15:42:09] info: GET /api/books?page=1&limit=10&search=
[2026-03-16 15:42:09] info: GET /api/books?page=1&limit=10&search=
[2026-03-16 15:42:44] info: GET /api/classes/
[2026-03-16 15:42:44] info: GET /api/subjects/
[2026-03-16 15:42:44] info: GET /api/classes/
[2026-03-16 15:42:44] info: GET /api/subjects/
[2026-03-16 15:43:54] info: POST /api/books
[2026-03-16 15:46:05] info: POST /api/books
[2026-03-16 15:47:33] info: POST /api/books
[2026-03-16 15:48:50] info: POST /api/books
[2026-03-16 15:49:47] info: POST /api/books
[2026-03-16 15:51:05] info: POST /api/books
[2026-03-16 15:51:08] info: GET /api/books?page=1&limit=10&search=
[2026-03-16 15:51:08] info: GET /api/books?page=1&limit=10&search=
[2026-03-16 15:51:14] info: GET /api/classes/
[2026-03-16 15:51:14] info: GET /api/subjects/
[2026-03-16 15:51:14] info: GET /api/classes/
[2026-03-16 15:51:14] info: GET /api/subjects/
[2026-03-16 15:51:18] info: GET /api/books?page=1&limit=10&search=
[2026-03-16 15:51:18] info: GET /api/books?page=1&limit=10&search=
[2026-03-16 15:51:47] info: GET /api/books?page=1&limit=10&search=
[2026-03-16 15:51:47] info: GET /api/books?page=1&limit=10&search=
[2026-03-16 15:52:14] info: GET /api/books?page=1&limit=10&search=
[2026-03-16 15:52:14] info: GET /api/classes
[2026-03-16 15:52:14] info: GET /api/subjects
[2026-03-16 15:52:14] info: GET /api/classes
[2026-03-16 15:52:14] info: GET /api/subjects
[2026-03-16 15:52:14] info: GET /api/books?page=1&limit=10&search=
[2026-03-16 15:57:04] info: POST /api/orders
[2026-03-16 15:57:12] info: GET /api/orders/2
[2026-03-16 15:57:12] info: GET /api/orders/2
[2026-03-16 15:57:37] info: GET /api/dashboard
[2026-03-16 15:57:37] info: GET /api/dashboard
[2026-03-16 16:00:10] info: GET /api/books?page=1&limit=10&search=
[2026-03-16 16:00:10] info: GET /api/books?page=1&limit=10&search=
[2026-03-16 16:00:20] info: GET /api/classes/
[2026-03-16 16:00:20] info: GET /api/classes/
[2026-03-16 16:00:30] info: GET /api/subjects/
[2026-03-16 16:00:30] info: GET /api/subjects/
[2026-03-16 16:00:39] info: GET /api/users
[2026-03-16 16:00:39] info: GET /api/users
[2026-03-16 16:00:42] info: GET /api/orders
[2026-03-16 16:00:42] info: GET /api/orders
[2026-03-16 16:00:46] info: GET /api/orders/order/1
[2026-03-16 16:00:46] info: GET /api/orders/order/1
[2026-03-16 16:01:22] info: GET /api/orders
[2026-03-16 16:01:23] info: GET /api/orders
[2026-03-16 16:01:25] info: GET /api/orders/order/1
[2026-03-16 16:01:25] info: GET /api/orders/order/1
[2026-03-16 16:02:02] info: PATCH /api/orders/update/1
[2026-03-16 16:02:31] info: GET /api/orders
[2026-03-16 16:02:31] info: GET /api/orders
[2026-03-16 16:02:41] info: GET /api/subjects/
[2026-03-16 16:02:41] info: GET /api/subjects/
[2026-03-16 16:02:44] info: GET /api/dashboard
[2026-03-16 16:02:44] info: GET /api/dashboard
